# JRE version: OpenJDK Runtime Environment (17.0.7) (build 17.0.7+0-b2043.56-10550314)
# Java VM: OpenJDK 64-Bit Server VM (17.0.7+0-b2043.56-10550314, mixed mode, tiered, compressed oops, compressed class ptrs, g1 gc, windows-amd64)
GC Precious Log:
 CPUs: 8 total, 8 available
 Memory: 15308M
 Large Page Support: Disabled
 NUMA Support: Disabled
 Compressed Oops: Enabled (32-bit)
 Heap Region Size: 1M
 Heap Min Capacity: 8M
 Heap Initial Capacity: 240M
 Heap Max Capacity: 2G
 Pre-touch: Disabled
 Parallel Workers: 8
 Concurrent Workers: 2
 Concurrent Refinement Workers: 8
 Periodic GC: Disabled
Heap:
 garbage-first heap   total 158720K, used 90564K [0x0000000080000000, 0x0000000100000000)
  region size 1024K, 3 young (3072K), 2 survivors (2048K)
 Metaspace       used 71767K, committed 72576K, reserved 1114112K
  class space    used 9666K, committed 10048K, reserved 1048576K
GC Heap History (20 events):
Event: 14.152 GC heap before
{Heap before GC invocations=20 (full 0):
 garbage-first heap   total 114688K, used 88300K [0x0000000080000000, 0x0000000100000000)
  region size 1024K, 23 young (23552K), 2 survivors (2048K)
 Metaspace       used 50782K, committed 51392K, reserved 1114112K
  class space    used 6694K, committed 6976K, reserved 1048576K
}
Event: 14.157 GC heap after
{Heap after GC invocations=21 (full 0):
 garbage-first heap   total 114688K, used 65324K [0x0000000080000000, 0x0000000100000000)
  region size 1024K, 3 young (3072K), 3 survivors (3072K)
 Metaspace       used 50782K, committed 51392K, reserved 1114112K
  class space    used 6694K, committed 6976K, reserved 1048576K
}
Event: 14.798 GC heap before
{Heap before GC invocations=21 (full 0):
 garbage-first heap   total 114688K, used 88876K [0x0000000080000000, 0x0000000100000000)
  region size 1024K, 27 young (27648K), 3 survivors (3072K)
 Metaspace       used 52513K, committed 53120K, reserved 1114112K
  class space    used 7022K, committed 7296K, reserved 1048576K
}
Event: 14.804 GC heap after
{Heap after GC invocations=22 (full 0):
 garbage-first heap   total 114688K, used 66518K [0x0000000080000000, 0x0000000100000000)
  region size 1024K, 3 young (3072K), 3 survivors (3072K)
 Metaspace       used 52513K, committed 53120K, reserved 1114112K
  class space    used 7022K, committed 7296K, reserved 1048576K
}
Event: 15.840 GC heap before
{Heap before GC invocations=23 (full 0):
 garbage-first heap   total 114688K, used 91094K [0x0000000080000000, 0x0000000100000000)
  region size 1024K, 27 young (27648K), 3 survivors (3072K)
 Metaspace       used 55033K, committed 55680K, reserved 1114112K
  class space    used 7468K, committed 7744K, reserved 1048576K
}
Event: 15.849 GC heap after
{Heap after GC invocations=24 (full 0):
 garbage-first heap   total 138240K, used 68168K [0x0000000080000000, 0x0000000100000000)
  region size 1024K, 3 young (3072K), 3 survivors (3072K)
 Metaspace       used 55033K, committed 55680K, reserved 1114112K
  class space    used 7468K, committed 7744K, reserved 1048576K
}
Event: 17.696 GC heap before
{Heap before GC invocations=24 (full 0):
 garbage-first heap   total 138240K, used 105032K [0x0000000080000000, 0x0000000100000000)
  region size 1024K, 41 young (41984K), 3 survivors (3072K)
 Metaspace       used 57476K, committed 58048K, reserved 1114112K
  class space    used 7791K, committed 8064K, reserved 1048576K
}
Event: 17.703 GC heap after
{Heap after GC invocations=25 (full 0):
 garbage-first heap   total 138240K, used 71086K [0x0000000080000000, 0x0000000100000000)
  region size 1024K, 6 young (6144K), 6 survivors (6144K)
 Metaspace       used 57476K, committed 58048K, reserved 1114112K
  class space    used 7791K, committed 8064K, reserved 1048576K
}
Event: 18.663 GC heap before
{Heap before GC invocations=26 (full 0):
 garbage-first heap   total 138240K, used 117166K [0x0000000080000000, 0x0000000100000000)
  region size 1024K, 45 young (46080K), 6 survivors (6144K)
 Metaspace       used 60141K, committed 60864K, reserved 1114112K
  class space    used 8173K, committed 8512K, reserved 1048576K
}
Event: 18.672 GC heap after
{Heap after GC invocations=27 (full 0):
 garbage-first heap   total 138240K, used 82438K [0x0000000080000000, 0x0000000100000000)
  region size 1024K, 6 young (6144K), 6 survivors (6144K)
 Metaspace       used 60141K, committed 60864K, reserved 1114112K
  class space    used 8173K, committed 8512K, reserved 1048576K
}
Event: 18.702 GC heap before
{Heap before GC invocations=27 (full 0):
 garbage-first heap   total 138240K, used 82438K [0x0000000080000000, 0x0000000100000000)
  region size 1024K, 7 young (7168K), 6 survivors (6144K)
 Metaspace       used 60257K, committed 60928K, reserved 1114112K
  class space    used 8185K, committed 8512K, reserved 1048576K
}
Event: 18.708 GC heap after
{Heap after GC invocations=28 (full 0):
 garbage-first heap   total 138240K, used 82953K [0x0000000080000000, 0x0000000100000000)
  region size 1024K, 1 young (1024K), 1 survivors (1024K)
 Metaspace       used 60257K, committed 60928K, reserved 1114112K
  class space    used 8185K, committed 8512K, reserved 1048576K
}
Event: 19.657 GC heap before
{Heap before GC invocations=28 (full 0):
 garbage-first heap   total 138240K, used 111625K [0x0000000080000000, 0x0000000100000000)
  region size 1024K, 30 young (30720K), 1 survivors (1024K)
 Metaspace       used 63587K, committed 64320K, reserved 1114112K
  class space    used 8569K, committed 8896K, reserved 1048576K
}
Event: 19.661 GC heap after
{Heap after GC invocations=29 (full 0):
 garbage-first heap   total 138240K, used 83134K [0x0000000080000000, 0x0000000100000000)
  region size 1024K, 1 young (1024K), 1 survivors (1024K)
 Metaspace       used 63587K, committed 64320K, reserved 1114112K
  class space    used 8569K, committed 8896K, reserved 1048576K
}
Event: 21.017 GC heap before
{Heap before GC invocations=30 (full 0):
 garbage-first heap   total 145408K, used 115902K [0x0000000080000000, 0x0000000100000000)
  region size 1024K, 32 young (32768K), 1 survivors (1024K)
 Metaspace       used 67925K, committed 68672K, reserved 1114112K
  class space    used 9161K, committed 9536K, reserved 1048576K
}
Event: 21.024 GC heap after
{Heap after GC invocations=31 (full 0):
 garbage-first heap   total 145408K, used 87951K [0x0000000080000000, 0x0000000100000000)
  region size 1024K, 4 young (4096K), 4 survivors (4096K)
 Metaspace       used 67925K, committed 68672K, reserved 1114112K
  class space    used 9161K, committed 9536K, reserved 1048576K
}
Event: 21.040 GC heap before
{Heap before GC invocations=31 (full 0):
 garbage-first heap   total 145408K, used 94095K [0x0000000080000000, 0x0000000100000000)
  region size 1024K, 7 young (7168K), 4 survivors (4096K)
 Metaspace       used 67925K, committed 68672K, reserved 1114112K
  class space    used 9161K, committed 9536K, reserved 1048576K
}
Event: 21.047 GC heap after
{Heap after GC invocations=32 (full 0):
 garbage-first heap   total 145408K, used 90939K [0x0000000080000000, 0x0000000100000000)
  region size 1024K, 1 young (1024K), 1 survivors (1024K)
 Metaspace       used 67925K, committed 68672K, reserved 1114112K
  class space    used 9161K, committed 9536K, reserved 1048576K
}
Event: 21.714 GC heap before
{Heap before GC invocations=32 (full 0):
 garbage-first heap   total 145408K, used 121659K [0x0000000080000000, 0x0000000100000000)
  region size 1024K, 29 young (29696K), 1 survivors (1024K)
 Metaspace       used 69718K, committed 70464K, reserved 1114112K
  class space    used 9411K, committed 9792K, reserved 1048576K
}
Event: 21.718 GC heap after
{Heap after GC invocations=33 (full 0):
 garbage-first heap   total 145408K, used 93493K [0x0000000080000000, 0x0000000100000000)
  region size 1024K, 3 young (3072K), 3 survivors (3072K)
 Metaspace       used 69718K, committed 70464K, reserved 1114112K
  class space    used 9411K, committed 9792K, reserved 1048576K
}

