# JRE version: OpenJDK Runtime Environment (17.0.7) (build 17.0.7+0-b2043.56-10550314)
# Java VM: OpenJDK 64-Bit Server VM (17.0.7+0-b2043.56-10550314, mixed mode, tiered, compressed oops, compressed class ptrs, g1 gc, windows-amd64)
GC Precious Log:
 CPUs: 8 total, 8 available
 Memory: 15308M
 Large Page Support: Disabled
 NUMA Support: Disabled
 Compressed Oops: Enabled (32-bit)
 Heap Region Size: 1M
 Heap Min Capacity: 8M
 Heap Initial Capacity: 240M
 Heap Max Capacity: 2G
 Pre-touch: Disabled
 Parallel Workers: 8
 Concurrent Workers: 2
 Concurrent Refinement Workers: 8
 Periodic GC: Disabled
Heap:
 garbage-first heap   total 152576K, used 96329K [0x0000000080000000, 0x0000000100000000)
  region size 1024K, 19 young (19456K), 2 survivors (2048K)
 Metaspace       used 71829K, committed 72512K, reserved 1114112K
  class space    used 9916K, committed 10240K, reserved 1048576K
GC Heap History (20 events):
Event: 16.669 GC heap before
{Heap before GC invocations=28 (full 0):
 garbage-first heap   total 116736K, used 90803K [0x0000000080000000, 0x0000000100000000)
  region size 1024K, 27 young (27648K), 3 survivors (3072K)
 Metaspace       used 55236K, committed 55808K, reserved 1114112K
  class space    used 7499K, committed 7744K, reserved 1048576K
}
Event: 16.676 GC heap after
{Heap after GC invocations=29 (full 0):
 garbage-first heap   total 116736K, used 67811K [0x0000000080000000, 0x0000000100000000)
  region size 1024K, 3 young (3072K), 3 survivors (3072K)
 Metaspace       used 55236K, committed 55808K, reserved 1114112K
  class space    used 7499K, committed 7744K, reserved 1048576K
}
Event: 17.674 GC heap before
{Heap before GC invocations=29 (full 0):
 garbage-first heap   total 116736K, used 94435K [0x0000000080000000, 0x0000000100000000)
  region size 1024K, 29 young (29696K), 3 survivors (3072K)
 Metaspace       used 59850K, committed 60416K, reserved 1114112K
  class space    used 8579K, committed 8832K, reserved 1048576K
}
Event: 17.680 GC heap after
{Heap after GC invocations=30 (full 0):
 garbage-first heap   total 116736K, used 68835K [0x0000000080000000, 0x0000000100000000)
  region size 1024K, 3 young (3072K), 3 survivors (3072K)
 Metaspace       used 59850K, committed 60416K, reserved 1114112K
  class space    used 8579K, committed 8832K, reserved 1048576K
}
Event: 18.579 GC heap before
{Heap before GC invocations=31 (full 0):
 garbage-first heap   total 121856K, used 95459K [0x0000000080000000, 0x0000000100000000)
  region size 1024K, 29 young (29696K), 3 survivors (3072K)
 Metaspace       used 64724K, committed 65408K, reserved 1114112K
  class space    used 9205K, committed 9536K, reserved 1048576K
}
Event: 18.586 GC heap after
{Heap after GC invocations=32 (full 0):
 garbage-first heap   total 121856K, used 71353K [0x0000000080000000, 0x0000000100000000)
  region size 1024K, 4 young (4096K), 4 survivors (4096K)
 Metaspace       used 64724K, committed 65408K, reserved 1114112K
  class space    used 9205K, committed 9536K, reserved 1048576K
}
Event: 18.609 GC heap before
{Heap before GC invocations=32 (full 0):
 garbage-first heap   total 121856K, used 72377K [0x0000000080000000, 0x0000000100000000)
  region size 1024K, 5 young (5120K), 4 survivors (4096K)
 Metaspace       used 64837K, committed 65472K, reserved 1114112K
  class space    used 9223K, committed 9536K, reserved 1048576K
}
Event: 18.614 GC heap after
{Heap after GC invocations=33 (full 0):
 garbage-first heap   total 121856K, used 71703K [0x0000000080000000, 0x0000000100000000)
  region size 1024K, 1 young (1024K), 1 survivors (1024K)
 Metaspace       used 64837K, committed 65472K, reserved 1114112K
  class space    used 9223K, committed 9536K, reserved 1048576K
}
Event: 20.969 GC heap before
{Heap before GC invocations=33 (full 0):
 garbage-first heap   total 121856K, used 99351K [0x0000000080000000, 0x0000000100000000)
  region size 1024K, 29 young (29696K), 1 survivors (1024K)
 Metaspace       used 70320K, committed 71040K, reserved 1114112K
  class space    used 9856K, committed 10176K, reserved 1048576K
}
Event: 20.977 GC heap after
{Heap after GC invocations=34 (full 0):
 garbage-first heap   total 121856K, used 74272K [0x0000000080000000, 0x0000000100000000)
  region size 1024K, 4 young (4096K), 4 survivors (4096K)
 Metaspace       used 70320K, committed 71040K, reserved 1114112K
  class space    used 9856K, committed 10176K, reserved 1048576K
}
Event: 25.042 GC heap before
{Heap before GC invocations=35 (full 0):
 garbage-first heap   total 128000K, used 98848K [0x0000000080000000, 0x0000000100000000)
  region size 1024K, 29 young (29696K), 4 survivors (4096K)
 Metaspace       used 71203K, committed 71872K, reserved 1114112K
  class space    used 9882K, committed 10176K, reserved 1048576K
}
Event: 25.054 GC heap after
{Heap after GC invocations=36 (full 0):
 garbage-first heap   total 128000K, used 76172K [0x0000000080000000, 0x0000000100000000)
  region size 1024K, 3 young (3072K), 3 survivors (3072K)
 Metaspace       used 71203K, committed 71872K, reserved 1114112K
  class space    used 9882K, committed 10176K, reserved 1048576K
}
Event: 46.082 GC heap before
{Heap before GC invocations=36 (full 0):
 garbage-first heap   total 128000K, used 104844K [0x0000000080000000, 0x0000000100000000)
  region size 1024K, 31 young (31744K), 3 survivors (3072K)
 Metaspace       used 71228K, committed 71872K, reserved 1114112K
  class space    used 9882K, committed 10176K, reserved 1048576K
}
Event: 46.086 GC heap after
{Heap after GC invocations=37 (full 0):
 garbage-first heap   total 128000K, used 76071K [0x0000000080000000, 0x0000000100000000)
  region size 1024K, 3 young (3072K), 3 survivors (3072K)
 Metaspace       used 71228K, committed 71872K, reserved 1114112K
  class space    used 9882K, committed 10176K, reserved 1048576K
}
Event: 59.099 GC heap before
{Heap before GC invocations=38 (full 0):
 garbage-first heap   total 132096K, used 97575K [0x0000000080000000, 0x0000000100000000)
  region size 1024K, 26 young (26624K), 3 survivors (3072K)
 Metaspace       used 71349K, committed 72000K, reserved 1114112K
  class space    used 9886K, committed 10176K, reserved 1048576K
}
Event: 59.105 GC heap after
{Heap after GC invocations=39 (full 0):
 garbage-first heap   total 132096K, used 76842K [0x0000000080000000, 0x0000000100000000)
  region size 1024K, 3 young (3072K), 3 survivors (3072K)
 Metaspace       used 71349K, committed 72000K, reserved 1114112K
  class space    used 9886K, committed 10176K, reserved 1048576K
}
Event: 59.438 GC heap before
{Heap before GC invocations=40 (full 0):
 garbage-first heap   total 152576K, used 112682K [0x0000000080000000, 0x0000000100000000)
  region size 1024K, 37 young (37888K), 3 survivors (3072K)
 Metaspace       used 71568K, committed 72192K, reserved 1114112K
  class space    used 9896K, committed 10176K, reserved 1048576K
}
Event: 59.445 GC heap after
{Heap after GC invocations=41 (full 0):
 garbage-first heap   total 152576K, used 79705K [0x0000000080000000, 0x0000000100000000)
  region size 1024K, 2 young (2048K), 2 survivors (2048K)
 Metaspace       used 71568K, committed 72192K, reserved 1114112K
  class space    used 9896K, committed 10176K, reserved 1048576K
}
Event: 59.737 GC heap before
{Heap before GC invocations=41 (full 0):
 garbage-first heap   total 152576K, used 122713K [0x0000000080000000, 0x0000000100000000)
  region size 1024K, 45 young (46080K), 2 survivors (2048K)
 Metaspace       used 71815K, committed 72448K, reserved 1114112K
  class space    used 9916K, committed 10240K, reserved 1048576K
}
Event: 59.741 GC heap after
{Heap after GC invocations=42 (full 0):
 garbage-first heap   total 152576K, used 79945K [0x0000000080000000, 0x0000000100000000)
  region size 1024K, 2 young (2048K), 2 survivors (2048K)
 Metaspace       used 71815K, committed 72448K, reserved 1114112K
  class space    used 9916K, committed 10240K, reserved 1048576K
}

